

Started GET "/" for 127.0.0.1 at 2015-01-18 13:09:13 +0000
Processing by Rails::WelcomeController#index as HTML
  Rendered /home/chao/.rvm/gems/ruby-2.1.3/gems/railties-4.1.1/lib/rails/templates/rails/welcome/index.html.erb (3.7ms)
Completed 200 OK in 95ms (Views: 72.1ms | ActiveRecord: 0.0ms)


Started GET "/" for 127.0.0.1 at 2015-01-20 19:09:16 +0000
Processing by Rails::WelcomeController#index as HTML
  Rendered /home/chao/.rvm/gems/ruby-2.1.3/gems/railties-4.1.1/lib/rails/templates/rails/welcome/index.html.erb (4.2ms)
Completed 200 OK in 107ms (Views: 74.6ms | ActiveRecord: 0.0ms)


Started GET "/welcome" for 127.0.0.1 at 2015-01-20 19:09:36 +0000

ActionController::RoutingError (No route matches [GET] "/welcome"):
  actionpack (4.1.1) lib/action_dispatch/middleware/debug_exceptions.rb:21:in `call'
  actionpack (4.1.1) lib/action_dispatch/middleware/show_exceptions.rb:30:in `call'
  railties (4.1.1) lib/rails/rack/logger.rb:38:in `call_app'
  railties (4.1.1) lib/rails/rack/logger.rb:20:in `block in call'
  activesupport (4.1.1) lib/active_support/tagged_logging.rb:68:in `block in tagged'
  activesupport (4.1.1) lib/active_support/tagged_logging.rb:26:in `tagged'
  activesupport (4.1.1) lib/active_support/tagged_logging.rb:68:in `tagged'
  railties (4.1.1) lib/rails/rack/logger.rb:20:in `call'
  actionpack (4.1.1) lib/action_dispatch/middleware/request_id.rb:21:in `call'
  rack (1.5.2) lib/rack/methodoverride.rb:21:in `call'
  rack (1.5.2) lib/rack/runtime.rb:17:in `call'
  activesupport (4.1.1) lib/active_support/cache/strategy/local_cache_middleware.rb:26:in `call'
  rack (1.5.2) lib/rack/lock.rb:17:in `call'
  actionpack (4.1.1) lib/action_dispatch/middleware/static.rb:64:in `call'
  rack (1.5.2) lib/rack/sendfile.rb:112:in `call'
  railties (4.1.1) lib/rails/engine.rb:514:in `call'
  railties (4.1.1) lib/rails/application.rb:144:in `call'
  rack (1.5.2) lib/rack/lock.rb:17:in `call'
  rack (1.5.2) lib/rack/content_length.rb:14:in `call'
  rack (1.5.2) lib/rack/handler/webrick.rb:60:in `service'
  /home/chao/.rvm/rubies/ruby-2.1.3/lib/ruby/2.1.0/webrick/httpserver.rb:138:in `service'
  /home/chao/.rvm/rubies/ruby-2.1.3/lib/ruby/2.1.0/webrick/httpserver.rb:94:in `run'
  /home/chao/.rvm/rubies/ruby-2.1.3/lib/ruby/2.1.0/webrick/server.rb:295:in `block in start_thread'


  Rendered /home/chao/.rvm/gems/ruby-2.1.3/gems/actionpack-4.1.1/lib/action_dispatch/middleware/templates/rescues/_trace.html.erb (2.6ms)
  Rendered /home/chao/.rvm/gems/ruby-2.1.3/gems/actionpack-4.1.1/lib/action_dispatch/middleware/templates/routes/_route.html.erb (2.3ms)
  Rendered /home/chao/.rvm/gems/ruby-2.1.3/gems/actionpack-4.1.1/lib/action_dispatch/middleware/templates/routes/_table.html.erb (20.1ms)
  Rendered /home/chao/.rvm/gems/ruby-2.1.3/gems/actionpack-4.1.1/lib/action_dispatch/middleware/templates/rescues/routing_error.html.erb within rescues/layout (92.3ms)


Started GET "/welcome/index" for 127.0.0.1 at 2015-01-20 19:09:41 +0000
Processing by WelcomeController#index as HTML
  Rendered welcome/index.html.erb within layouts/application (1.0ms)
Completed 200 OK in 1830ms (Views: 1829.0ms | ActiveRecord: 0.0ms)


Started GET "/assets/jquery.js?body=1" for 127.0.0.1 at 2015-01-20 19:09:43 +0000


Started GET "/assets/welcome.js?body=1" for 127.0.0.1 at 2015-01-20 19:09:43 +0000


Started GET "/assets/turbolinks.js?body=1" for 127.0.0.1 at 2015-01-20 19:09:43 +0000


Started GET "/assets/application.css?body=1" for 127.0.0.1 at 2015-01-20 19:09:43 +0000


Started GET "/assets/jquery_ujs.js?body=1" for 127.0.0.1 at 2015-01-20 19:09:43 +0000


Started GET "/assets/welcome.css?body=1" for 127.0.0.1 at 2015-01-20 19:09:43 +0000


Started GET "/assets/application.js?body=1" for 127.0.0.1 at 2015-01-20 19:09:43 +0000


Started GET "/" for 127.0.0.1 at 2015-01-20 19:11:10 +0000
Processing by WelcomeController#index as HTML
  Rendered welcome/index.html.erb within layouts/application (0.3ms)
Completed 200 OK in 94ms (Views: 91.8ms | ActiveRecord: 0.0ms)


Started GET "/assets/welcome.css?body=1" for 127.0.0.1 at 2015-01-20 19:11:10 +0000


Started GET "/assets/welcome.js?body=1" for 127.0.0.1 at 2015-01-20 19:11:10 +0000


Started GET "/article/new" for 127.0.0.1 at 2015-01-20 19:16:18 +0000

ActionController::RoutingError (No route matches [GET] "/article/new"):
  actionpack (4.1.1) lib/action_dispatch/middleware/debug_exceptions.rb:21:in `call'
  actionpack (4.1.1) lib/action_dispatch/middleware/show_exceptions.rb:30:in `call'
  railties (4.1.1) lib/rails/rack/logger.rb:38:in `call_app'
  railties (4.1.1) lib/rails/rack/logger.rb:20:in `block in call'
  activesupport (4.1.1) lib/active_support/tagged_logging.rb:68:in `block in tagged'
  activesupport (4.1.1) lib/active_support/tagged_logging.rb:26:in `tagged'
  activesupport (4.1.1) lib/active_support/tagged_logging.rb:68:in `tagged'
  railties (4.1.1) lib/rails/rack/logger.rb:20:in `call'
  actionpack (4.1.1) lib/action_dispatch/middleware/request_id.rb:21:in `call'
  rack (1.5.2) lib/rack/methodoverride.rb:21:in `call'
  rack (1.5.2) lib/rack/runtime.rb:17:in `call'
  activesupport (4.1.1) lib/active_support/cache/strategy/local_cache_middleware.rb:26:in `call'
  rack (1.5.2) lib/rack/lock.rb:17:in `call'
  actionpack (4.1.1) lib/action_dispatch/middleware/static.rb:64:in `call'
  rack (1.5.2) lib/rack/sendfile.rb:112:in `call'
  railties (4.1.1) lib/rails/engine.rb:514:in `call'
  railties (4.1.1) lib/rails/application.rb:144:in `call'
  rack (1.5.2) lib/rack/lock.rb:17:in `call'
  rack (1.5.2) lib/rack/content_length.rb:14:in `call'
  rack (1.5.2) lib/rack/handler/webrick.rb:60:in `service'
  /home/chao/.rvm/rubies/ruby-2.1.3/lib/ruby/2.1.0/webrick/httpserver.rb:138:in `service'
  /home/chao/.rvm/rubies/ruby-2.1.3/lib/ruby/2.1.0/webrick/httpserver.rb:94:in `run'
  /home/chao/.rvm/rubies/ruby-2.1.3/lib/ruby/2.1.0/webrick/server.rb:295:in `block in start_thread'


  Rendered /home/chao/.rvm/gems/ruby-2.1.3/gems/actionpack-4.1.1/lib/action_dispatch/middleware/templates/rescues/_trace.html.erb (3.3ms)
  Rendered /home/chao/.rvm/gems/ruby-2.1.3/gems/actionpack-4.1.1/lib/action_dispatch/middleware/templates/routes/_route.html.erb (4.6ms)
  Rendered /home/chao/.rvm/gems/ruby-2.1.3/gems/actionpack-4.1.1/lib/action_dispatch/middleware/templates/routes/_table.html.erb (3.1ms)
  Rendered /home/chao/.rvm/gems/ruby-2.1.3/gems/actionpack-4.1.1/lib/action_dispatch/middleware/templates/rescues/routing_error.html.erb within rescues/layout (42.2ms)


Started GET "/articles/new" for 127.0.0.1 at 2015-01-20 19:16:27 +0000
Processing by ArticlesController#new as HTML
  Rendered articles/new.html.erb within layouts/application (0.9ms)
Completed 200 OK in 470ms (Views: 468.2ms | ActiveRecord: 0.0ms)


Started GET "/assets/articles.css?body=1" for 127.0.0.1 at 2015-01-20 19:16:27 +0000


Started GET "/assets/articles.js?body=1" for 127.0.0.1 at 2015-01-20 19:16:27 +0000


Started GET "/assets/welcome.css?body=1" for 127.0.0.1 at 2015-01-20 19:16:27 +0000


Started GET "/assets/welcome.js?body=1" for 127.0.0.1 at 2015-01-20 19:16:27 +0000


Started GET "/articles/new" for 127.0.0.1 at 2015-01-20 19:16:42 +0000
Processing by ArticlesController#new as HTML
  Rendered articles/new.html.erb within layouts/application (96.4ms)
Completed 200 OK in 209ms (Views: 207.9ms | ActiveRecord: 0.0ms)


Started GET "/assets/articles.css?body=1" for 127.0.0.1 at 2015-01-20 19:16:43 +0000


Started GET "/assets/application.css?body=1" for 127.0.0.1 at 2015-01-20 19:16:43 +0000


Started GET "/assets/welcome.css?body=1" for 127.0.0.1 at 2015-01-20 19:16:43 +0000


Started GET "/assets/jquery.js?body=1" for 127.0.0.1 at 2015-01-20 19:16:43 +0000


Started GET "/assets/turbolinks.js?body=1" for 127.0.0.1 at 2015-01-20 19:16:43 +0000


Started GET "/assets/jquery_ujs.js?body=1" for 127.0.0.1 at 2015-01-20 19:16:43 +0000


Started GET "/assets/articles.js?body=1" for 127.0.0.1 at 2015-01-20 19:16:43 +0000


Started GET "/assets/welcome.js?body=1" for 127.0.0.1 at 2015-01-20 19:16:43 +0000


Started GET "/assets/application.js?body=1" for 127.0.0.1 at 2015-01-20 19:16:43 +0000


Started GET "/articles/new" for 127.0.0.1 at 2015-01-20 19:17:29 +0000
Processing by ArticlesController#new as HTML
  Rendered articles/new.html.erb within layouts/application (4.9ms)
Completed 200 OK in 124ms (Views: 122.9ms | ActiveRecord: 0.0ms)


Started GET "/assets/articles.css?body=1" for 127.0.0.1 at 2015-01-20 19:17:29 +0000


Started GET "/assets/welcome.css?body=1" for 127.0.0.1 at 2015-01-20 19:17:29 +0000


Started GET "/assets/application.css?body=1" for 127.0.0.1 at 2015-01-20 19:17:29 +0000


Started GET "/assets/jquery.js?body=1" for 127.0.0.1 at 2015-01-20 19:17:29 +0000


Started GET "/assets/jquery_ujs.js?body=1" for 127.0.0.1 at 2015-01-20 19:17:29 +0000


Started GET "/assets/turbolinks.js?body=1" for 127.0.0.1 at 2015-01-20 19:17:29 +0000


Started GET "/assets/welcome.js?body=1" for 127.0.0.1 at 2015-01-20 19:17:29 +0000


Started GET "/assets/articles.js?body=1" for 127.0.0.1 at 2015-01-20 19:17:29 +0000


Started GET "/assets/application.js?body=1" for 127.0.0.1 at 2015-01-20 19:17:29 +0000


Started POST "/articles" for 127.0.0.1 at 2015-01-20 19:17:55 +0000

AbstractController::ActionNotFound (The action 'create' could not be found for ArticlesController):
  actionpack (4.1.1) lib/abstract_controller/base.rb:131:in `process'
  actionview (4.1.1) lib/action_view/rendering.rb:30:in `process'
  actionpack (4.1.1) lib/action_controller/metal.rb:195:in `dispatch'
  actionpack (4.1.1) lib/action_controller/metal/rack_delegation.rb:13:in `dispatch'
  actionpack (4.1.1) lib/action_controller/metal.rb:231:in `block in action'
  actionpack (4.1.1) lib/action_dispatch/routing/route_set.rb:80:in `call'
  actionpack (4.1.1) lib/action_dispatch/routing/route_set.rb:80:in `dispatch'
  actionpack (4.1.1) lib/action_dispatch/routing/route_set.rb:48:in `call'
  actionpack (4.1.1) lib/action_dispatch/journey/router.rb:71:in `block in call'
  actionpack (4.1.1) lib/action_dispatch/journey/router.rb:59:in `each'
  actionpack (4.1.1) lib/action_dispatch/journey/router.rb:59:in `call'
  actionpack (4.1.1) lib/action_dispatch/routing/route_set.rb:676:in `call'
  rack (1.5.2) lib/rack/etag.rb:23:in `call'
  rack (1.5.2) lib/rack/conditionalget.rb:35:in `call'
  rack (1.5.2) lib/rack/head.rb:11:in `call'
  actionpack (4.1.1) lib/action_dispatch/middleware/params_parser.rb:27:in `call'
  actionpack (4.1.1) lib/action_dispatch/middleware/flash.rb:254:in `call'
  rack (1.5.2) lib/rack/session/abstract/id.rb:225:in `context'
  rack (1.5.2) lib/rack/session/abstract/id.rb:220:in `call'
  actionpack (4.1.1) lib/action_dispatch/middleware/cookies.rb:560:in `call'
  activerecord (4.1.1) lib/active_record/query_cache.rb:36:in `call'
  activerecord (4.1.1) lib/active_record/connection_adapters/abstract/connection_pool.rb:621:in `call'
  activerecord (4.1.1) lib/active_record/migration.rb:380:in `call'
  actionpack (4.1.1) lib/action_dispatch/middleware/callbacks.rb:29:in `block in call'
  activesupport (4.1.1) lib/active_support/callbacks.rb:82:in `run_callbacks'
  actionpack (4.1.1) lib/action_dispatch/middleware/callbacks.rb:27:in `call'
  actionpack (4.1.1) lib/action_dispatch/middleware/reloader.rb:73:in `call'
  actionpack (4.1.1) lib/action_dispatch/middleware/remote_ip.rb:76:in `call'
  actionpack (4.1.1) lib/action_dispatch/middleware/debug_exceptions.rb:17:in `call'
  actionpack (4.1.1) lib/action_dispatch/middleware/show_exceptions.rb:30:in `call'
  railties (4.1.1) lib/rails/rack/logger.rb:38:in `call_app'
  railties (4.1.1) lib/rails/rack/logger.rb:20:in `block in call'
  activesupport (4.1.1) lib/active_support/tagged_logging.rb:68:in `block in tagged'
  activesupport (4.1.1) lib/active_support/tagged_logging.rb:26:in `tagged'
  activesupport (4.1.1) lib/active_support/tagged_logging.rb:68:in `tagged'
  railties (4.1.1) lib/rails/rack/logger.rb:20:in `call'
  actionpack (4.1.1) lib/action_dispatch/middleware/request_id.rb:21:in `call'
  rack (1.5.2) lib/rack/methodoverride.rb:21:in `call'
  rack (1.5.2) lib/rack/runtime.rb:17:in `call'
  activesupport (4.1.1) lib/active_support/cache/strategy/local_cache_middleware.rb:26:in `call'
  rack (1.5.2) lib/rack/lock.rb:17:in `call'
  actionpack (4.1.1) lib/action_dispatch/middleware/static.rb:64:in `call'
  rack (1.5.2) lib/rack/sendfile.rb:112:in `call'
  railties (4.1.1) lib/rails/engine.rb:514:in `call'
  railties (4.1.1) lib/rails/application.rb:144:in `call'
  rack (1.5.2) lib/rack/lock.rb:17:in `call'
  rack (1.5.2) lib/rack/content_length.rb:14:in `call'
  rack (1.5.2) lib/rack/handler/webrick.rb:60:in `service'
  /home/chao/.rvm/rubies/ruby-2.1.3/lib/ruby/2.1.0/webrick/httpserver.rb:138:in `service'
  /home/chao/.rvm/rubies/ruby-2.1.3/lib/ruby/2.1.0/webrick/httpserver.rb:94:in `run'
  /home/chao/.rvm/rubies/ruby-2.1.3/lib/ruby/2.1.0/webrick/server.rb:295:in `block in start_thread'


  Rendered /home/chao/.rvm/gems/ruby-2.1.3/gems/actionpack-4.1.1/lib/action_dispatch/middleware/templates/rescues/unknown_action.html.erb within rescues/layout (0.9ms)
